2017-08-24 15:39:03,903 (MainThread) INFO Porta chiusa
2017-08-24 15:39:06,511 (MainThread) INFO Porta aperta
2017-08-24 15:39:07,717 (MainThread) INFO Porta chiusa
2017-08-24 15:39:08,922 (MainThread) INFO Porta aperta
2017-08-24 15:43:04,022 (MainThread) INFO Porta chiusa
2017-08-24 15:43:05,028 (MainThread) INFO Porta aperta
2017-08-24 15:43:05,232 (MainThread) INFO Porta chiusa
2017-08-24 15:43:05,435 (MainThread) INFO Porta aperta
2017-08-24 15:43:15,457 (MainThread) INFO Porta chiusa
2017-08-24 15:43:15,660 (MainThread) INFO Porta aperta
2017-08-24 15:43:17,867 (MainThread) INFO Porta chiusa
2017-08-24 15:43:21,877 (MainThread) INFO Porta aperta
2017-08-24 15:43:22,882 (MainThread) INFO Porta chiusa
2017-08-24 15:43:29,698 (MainThread) INFO Porta aperta
2017-08-24 15:43:30,302 (MainThread) INFO Porta chiusa
2017-08-24 15:43:32,109 (MainThread) INFO Porta aperta
2017-08-24 15:43:32,512 (MainThread) INFO Porta chiusa
2017-08-24 15:43:32,716 (MainThread) INFO Porta aperta
2017-08-24 15:43:33,320 (MainThread) INFO Porta chiusa
2017-08-24 15:43:33,524 (MainThread) INFO Porta aperta
2017-08-24 15:43:34,128 (MainThread) INFO Porta chiusa
2017-08-24 15:43:34,933 (MainThread) INFO Porta aperta
2017-08-24 15:43:35,737 (MainThread) INFO Porta chiusa
2017-08-24 15:43:36,341 (MainThread) INFO Porta aperta
2017-08-24 15:43:36,946 (MainThread) INFO Porta chiusa
2017-08-24 15:43:37,149 (MainThread) INFO Porta aperta
2017-08-24 15:43:37,553 (MainThread) INFO Porta chiusa
2017-08-24 15:43:37,756 (MainThread) INFO Porta aperta
2017-08-24 15:43:38,360 (MainThread) INFO Porta chiusa
2017-08-24 15:43:38,564 (MainThread) INFO Porta aperta
2017-08-24 15:43:39,168 (MainThread) INFO Porta chiusa
2017-08-24 15:43:39,973 (MainThread) INFO Porta aperta
2017-08-24 15:43:40,577 (MainThread) INFO Porta chiusa
2017-08-24 15:43:40,780 (MainThread) INFO Porta aperta
2017-08-24 15:43:41,185 (MainThread) INFO Porta chiusa
2017-08-24 15:43:41,388 (MainThread) INFO Porta aperta
2017-08-24 15:43:41,792 (MainThread) INFO Porta chiusa
2017-08-24 15:43:41,995 (MainThread) INFO Porta aperta
2017-08-24 15:43:43,000 (MainThread) INFO Porta chiusa
2017-08-24 15:43:46,209 (MainThread) INFO Porta aperta
2017-08-24 15:43:48,416 (MainThread) INFO Porta chiusa
2017-08-24 15:43:49,621 (MainThread) INFO Porta aperta
2017-08-24 15:43:50,426 (MainThread) INFO Porta chiusa
2017-08-24 15:43:51,230 (MainThread) INFO Porta aperta
2017-08-24 15:43:53,838 (MainThread) INFO Porta chiusa
2017-08-24 15:43:54,442 (MainThread) INFO Porta aperta
2017-08-24 15:43:55,047 (MainThread) INFO Porta chiusa
2017-08-24 17:39:13,939 (MainThread) INFO Porta chiusa
2017-08-24 17:39:33,385 (MainThread) INFO Porta aperta
2017-08-24 17:39:36,597 (MainThread) INFO Porta chiusa
2017-08-24 17:43:25,622 (MainThread) INFO Porta aperta
2017-08-24 17:43:28,233 (MainThread) INFO Porta chiusa
2017-08-24 17:51:05,000 (MainThread) INFO Porta chiusa
2017-08-24 17:53:15,851 (MainThread) INFO Porta Via Sacchi chiusa
2017-08-24 17:59:10,167 (MainThread) INFO Porta Via Sacchi chiusa
2017-08-24 17:59:52,974 (MainThread) INFO Porta Via Sacchi chiusa
2017-08-24 18:02:56,717 (MainThread) INFO Porta Via Sacchi chiusa
2017-08-24 18:03:16,880 (MainThread) INFO Porta aperta
2017-08-24 18:03:31,944 (MainThread) INFO Porta Via Sacchi chiusa
2017-08-24 18:14:25,049 (MainThread) INFO Porta Via Sacchi chiusa
2017-08-24 18:14:49,670 (MainThread) INFO Porta via Sacchi aperta
2017-08-24 18:15:17,476 (MainThread) INFO Porta Via Sacchi chiusa
2017-08-24 18:18:22,632 (MainThread) INFO Porta Via Sacchi chiusa
2017-08-24 18:26:49,550 (MainThread) INFO Porta via Sacchi aperta
2017-08-24 18:26:53,540 (MainThread) INFO Porta Via Sacchi chiusa
2017-08-24 18:34:51,408 (MainThread) INFO Porta via Sacchi aperta
2017-08-24 18:35:09,224 (MainThread) INFO Porta Via Sacchi chiusa
2017-08-25 15:57:48,720 (MainThread) INFO Porta via Sacchi aperta
2017-08-25 15:57:56,182 (MainThread) INFO Porta Via Sacchi chiusa
2017-08-25 16:12:46,704 (MainThread) INFO Porta via Sacchi aperta
2017-08-25 16:12:59,882 (MainThread) INFO Porta Via Sacchi chiusa
2017-08-26 16:58:29,686 (MainThread) INFO Porta via Sacchi aperta
2017-08-26 17:11:56,106 (MainThread) INFO Porta Via Sacchi chiusa
2017-08-26 18:02:19,871 (MainThread) INFO Porta via Sacchi aperta
2017-08-26 18:04:25,673 (MainThread) INFO Porta Via Sacchi chiusa
2017-08-26 18:37:48,688 (MainThread) INFO Porta via Sacchi aperta
2017-08-26 18:37:59,732 (MainThread) INFO Porta Via Sacchi chiusa
2017-08-26 18:42:04,773 (MainThread) INFO Porta via Sacchi aperta
2017-08-26 18:42:20,346 (MainThread) INFO Porta Via Sacchi chiusa
2017-08-26 18:55:11,628 (MainThread) INFO Porta via Sacchi aperta
2017-08-26 18:55:20,640 (MainThread) INFO Porta Via Sacchi chiusa
2017-08-26 20:47:10,126 (MainThread) INFO Porta via Sacchi aperta
2017-08-26 20:47:32,450 (MainThread) INFO Porta Via Sacchi chiusa
2017-08-27 00:24:25,542 (MainThread) INFO Porta via Sacchi aperta
2017-08-27 00:26:33,500 (MainThread) INFO Porta Via Sacchi chiusa
2017-08-27 10:00:32,330 (MainThread) INFO Porta via Sacchi aperta
2017-08-27 10:00:50,035 (MainThread) INFO Porta Via Sacchi chiusa
2017-08-27 14:32:41,824 (MainThread) INFO Porta via Sacchi aperta
2017-08-27 14:32:50,834 (MainThread) INFO Porta Via Sacchi chiusa
2017-08-27 17:59:32,042 (MainThread) INFO Porta via Sacchi aperta
2017-08-27 18:00:18,224 (MainThread) INFO Porta Via Sacchi chiusa
2017-08-27 18:00:21,159 (MainThread) INFO Porta via Sacchi aperta
2017-08-27 18:00:27,854 (MainThread) INFO Porta Via Sacchi chiusa
2017-08-27 18:00:31,746 (MainThread) INFO Porta via Sacchi aperta
2017-08-27 18:00:37,071 (MainThread) INFO Porta Via Sacchi chiusa
2017-08-28 01:13:15,402 (MainThread) INFO Porta via Sacchi aperta
2017-08-28 01:13:30,144 (MainThread) INFO Porta Via Sacchi chiusa
2017-08-28 01:15:04,762 (MainThread) INFO Porta via Sacchi aperta
2017-08-28 01:16:25,249 (MainThread) INFO Porta Via Sacchi chiusa
2017-08-28 01:24:40,377 (MainThread) INFO Porta via Sacchi aperta
2017-08-28 01:30:26,160 (MainThread) INFO Porta Via Sacchi chiusa
2017-08-28 11:18:29,344 (MainThread) INFO Porta via Sacchi aperta
2017-08-28 11:18:51,400 (MainThread) INFO Porta Via Sacchi chiusa
2017-08-28 13:21:36,444 (MainThread) INFO Porta via Sacchi aperta
2017-08-28 13:21:51,599 (MainThread) INFO Porta Via Sacchi chiusa
2017-08-28 14:45:17,559 (MainThread) INFO Porta via Sacchi aperta
2017-08-28 14:45:26,569 (MainThread) INFO Porta Via Sacchi chiusa
2017-08-28 14:53:08,396 (MainThread) INFO Porta via Sacchi aperta
2017-08-28 14:53:15,153 (MainThread) INFO Porta Via Sacchi chiusa
2017-08-28 15:19:07,868 (MainThread) INFO Porta via Sacchi aperta
2017-08-28 15:23:47,984 (MainThread) INFO Porta Via Sacchi chiusa
2017-08-28 15:42:06,360 (MainThread) INFO Porta via Sacchi aperta
2017-08-28 15:47:55,245 (MainThread) INFO Porta Via Sacchi chiusa
2017-08-28 15:48:07,534 (MainThread) INFO Porta via Sacchi aperta
2017-08-28 15:48:14,827 (MainThread) INFO Porta Via Sacchi chiusa
2017-08-29 09:38:23,636 (MainThread) INFO Porta via Sacchi aperta
2017-08-29 09:38:30,049 (MainThread) INFO Porta Via Sacchi chiusa
2017-08-29 09:45:05,289 (MainThread) INFO Porta via Sacchi aperta
2017-08-29 09:45:09,002 (MainThread) INFO Porta Via Sacchi chiusa
2017-08-29 09:45:39,312 (MainThread) INFO Porta via Sacchi aperta
2017-08-29 09:45:42,589 (MainThread) INFO Porta Via Sacchi chiusa
2017-08-29 09:49:04,188 (MainThread) INFO Porta via Sacchi aperta
2017-08-29 09:49:30,123 (MainThread) INFO Porta Via Sacchi chiusa
2017-08-29 09:50:38,322 (MainThread) INFO Porta via Sacchi aperta
2017-08-29 09:50:46,595 (MainThread) INFO Porta Via Sacchi chiusa
2017-08-29 09:50:49,620 (MainThread) INFO Porta via Sacchi aperta
2017-08-29 09:51:01,874 (MainThread) INFO Porta Via Sacchi chiusa
2017-08-29 10:14:55,896 (MainThread) INFO Porta via Sacchi aperta
2017-08-29 10:15:04,085 (MainThread) INFO Porta Via Sacchi chiusa
2017-08-29 10:19:32,472 (MainThread) INFO Porta via Sacchi aperta
2017-08-29 10:19:40,157 (MainThread) INFO Porta Via Sacchi chiusa
2017-08-29 15:06:19,030 (MainThread) INFO Porta via Sacchi aperta
2017-08-29 15:06:38,599 (MainThread) INFO Porta Via Sacchi chiusa
2017-08-29 15:14:39,471 (MainThread) INFO Porta via Sacchi aperta
2017-08-29 15:14:45,066 (MainThread) INFO Porta Via Sacchi chiusa
2017-08-29 15:14:49,100 (MainThread) INFO Porta via Sacchi aperta
2017-08-29 15:14:52,076 (MainThread) INFO Porta Via Sacchi chiusa
2017-08-29 15:40:02,132 (MainThread) INFO Porta via Sacchi aperta
2017-08-29 15:40:09,336 (MainThread) INFO Porta Via Sacchi chiusa
2017-08-29 16:12:42,117 (MainThread) INFO Porta via Sacchi aperta
2017-08-29 16:13:51,954 (MainThread) INFO Porta Via Sacchi chiusa
2017-08-30 12:05:30,428 (MainThread) INFO Porta via Sacchi aperta
2017-08-30 12:05:51,322 (MainThread) INFO Porta Via Sacchi chiusa
2017-08-30 12:12:10,408 (MainThread) INFO Porta via Sacchi aperta
2017-08-30 12:12:28,697 (MainThread) INFO Porta Via Sacchi chiusa
2017-08-30 12:21:48,360 (MainThread) INFO Porta via Sacchi aperta
2017-08-30 12:22:56,764 (MainThread) INFO Porta Via Sacchi chiusa
2017-09-02 00:06:09,320 (MainThread) INFO Porta Via Sacchi chiusa
2017-09-02 06:52:00,808 (MainThread) INFO Porta via Sacchi aperta
2017-09-02 06:52:07,035 (MainThread) INFO Porta Via Sacchi chiusa
2017-09-02 09:23:48,802 (MainThread) INFO Porta via Sacchi aperta
2017-09-02 09:23:51,975 (MainThread) INFO Porta Via Sacchi chiusa
2017-09-02 09:28:58,360 (MainThread) INFO Porta via Sacchi aperta
2017-09-02 09:29:05,670 (MainThread) INFO Porta Via Sacchi chiusa
2017-09-02 09:32:08,628 (MainThread) INFO Porta via Sacchi aperta
2017-09-02 09:32:22,811 (MainThread) INFO Porta Via Sacchi chiusa
2017-09-02 09:35:22,606 (MainThread) INFO Porta via Sacchi aperta
2017-09-02 09:35:29,448 (MainThread) INFO Porta Via Sacchi chiusa
2017-09-02 09:35:31,007 (MainThread) INFO Porta via Sacchi aperta
2017-09-02 09:37:34,525 (MainThread) INFO Porta Via Sacchi chiusa
2017-09-02 09:40:47,673 (MainThread) INFO Porta via Sacchi aperta
2017-09-02 09:40:53,902 (MainThread) INFO Porta Via Sacchi chiusa
2017-09-02 10:09:04,394 (MainThread) INFO Porta via Sacchi aperta
2017-09-02 10:09:21,380 (MainThread) INFO Porta Via Sacchi chiusa
2017-09-02 10:11:11,932 (MainThread) INFO Porta via Sacchi aperta
2017-09-02 10:11:29,599 (MainThread) INFO Porta Via Sacchi chiusa
2017-09-02 10:11:32,025 (MainThread) INFO Porta via Sacchi aperta
2017-09-02 10:11:44,662 (MainThread) INFO Porta Via Sacchi chiusa
2017-09-02 10:13:01,772 (MainThread) INFO Porta via Sacchi aperta
2017-09-02 10:13:55,147 (MainThread) INFO Porta Via Sacchi chiusa
2017-09-02 10:43:05,639 (MainThread) INFO Porta via Sacchi aperta
2017-09-02 10:44:46,863 (MainThread) INFO Porta Via Sacchi chiusa
2017-09-02 14:06:31,182 (MainThread) INFO Porta via Sacchi aperta
2017-09-02 14:06:42,668 (MainThread) INFO Porta Via Sacchi chiusa
2017-09-02 14:14:07,732 (MainThread) INFO Porta via Sacchi aperta
2017-09-02 14:14:12,674 (MainThread) INFO Porta Via Sacchi chiusa
2017-09-02 14:14:16,112 (MainThread) INFO Porta via Sacchi aperta
2017-09-02 14:14:23,202 (MainThread) INFO Porta Via Sacchi chiusa
2017-09-02 14:53:28,460 (MainThread) INFO Porta via Sacchi aperta
2017-09-02 14:53:31,907 (MainThread) INFO Porta Via Sacchi chiusa
2017-09-02 14:53:34,991 (MainThread) INFO Porta via Sacchi aperta
2017-09-02 14:53:40,577 (MainThread) INFO Porta Via Sacchi chiusa
2017-09-02 15:20:21,564 (MainThread) INFO Porta via Sacchi aperta
2017-09-02 15:20:53,532 (MainThread) INFO Porta Via Sacchi chiusa
2017-09-02 15:29:26,442 (MainThread) INFO Porta via Sacchi aperta
2017-09-02 15:29:38,901 (MainThread) INFO Porta Via Sacchi chiusa
2017-09-02 15:50:43,635 (MainThread) INFO Porta via Sacchi aperta
2017-09-02 15:50:48,674 (MainThread) INFO Porta Via Sacchi chiusa
2017-09-02 16:03:50,501 (MainThread) INFO Porta via Sacchi aperta
2017-09-02 16:04:22,318 (MainThread) INFO Porta Via Sacchi chiusa
2017-09-02 23:02:05,233 (MainThread) INFO Porta via Sacchi aperta
2017-09-02 23:02:28,369 (MainThread) INFO Porta Via Sacchi chiusa
2017-09-03 10:19:23,305 (MainThread) INFO Porta via Sacchi aperta
2017-09-03 10:22:06,266 (MainThread) INFO Porta Via Sacchi chiusa
2017-09-03 14:22:07,361 (MainThread) INFO Porta via Sacchi aperta
2017-09-03 14:22:15,954 (MainThread) INFO Porta Via Sacchi chiusa
2017-09-03 15:07:36,984 (MainThread) INFO Porta via Sacchi aperta
2017-09-03 15:08:05,686 (MainThread) INFO Porta Via Sacchi chiusa
2017-09-03 15:57:37,716 (MainThread) INFO Porta via Sacchi aperta
2017-09-03 15:57:48,594 (MainThread) INFO Porta Via Sacchi chiusa
2017-09-03 16:14:19,888 (MainThread) INFO Porta via Sacchi aperta
2017-09-03 16:14:28,792 (MainThread) INFO Porta Via Sacchi chiusa
2017-09-03 16:14:34,285 (MainThread) INFO Porta via Sacchi aperta
2017-09-03 16:15:08,318 (MainThread) INFO Porta Via Sacchi chiusa
2017-09-04 16:57:22,249 (MainThread) INFO Porta via Sacchi aperta
2017-09-04 16:57:28,392 (MainThread) INFO Porta Via Sacchi chiusa
2017-09-04 17:29:40,546 (MainThread) INFO Porta via Sacchi aperta
2017-09-04 17:30:05,332 (MainThread) INFO Porta Via Sacchi chiusa
2017-09-06 21:26:43,667 (MainThread) INFO Porta via Sacchi aperta
2017-09-06 21:27:09,480 (MainThread) INFO Porta Via Sacchi chiusa
2017-09-06 21:34:06,386 (MainThread) INFO Porta via Sacchi aperta
2017-09-06 21:34:16,703 (MainThread) INFO Porta Via Sacchi chiusa
2017-09-06 21:34:22,063 (MainThread) INFO Porta via Sacchi aperta
2017-09-06 21:34:27,484 (MainThread) INFO Porta Via Sacchi chiusa
2017-09-06 21:35:40,735 (MainThread) INFO Porta via Sacchi aperta
2017-09-06 21:36:16,958 (MainThread) INFO Porta Via Sacchi chiusa
2017-09-06 21:43:23,390 (MainThread) INFO Porta via Sacchi aperta
2017-09-06 21:43:27,510 (MainThread) INFO Porta Via Sacchi chiusa
2017-09-06 21:55:27,460 (MainThread) INFO Porta via Sacchi aperta
2017-09-06 21:55:36,913 (MainThread) INFO Porta Via Sacchi chiusa
2017-09-06 23:25:42,431 (MainThread) INFO Porta via Sacchi aperta
2017-09-06 23:25:53,516 (MainThread) INFO Porta Via Sacchi chiusa
2017-09-06 23:52:17,077 (MainThread) INFO Porta via Sacchi aperta
2017-09-06 23:52:21,154 (MainThread) INFO Porta Via Sacchi chiusa
2017-09-07 09:23:16,376 (MainThread) INFO Porta via Sacchi aperta
2017-09-07 09:23:52,359 (MainThread) INFO Porta Via Sacchi chiusa
2017-09-07 15:20:05,071 (MainThread) INFO Porta via Sacchi aperta
2017-09-07 15:20:17,935 (MainThread) INFO Porta Via Sacchi chiusa
2017-09-07 17:34:51,979 (MainThread) INFO Porta via Sacchi aperta
2017-09-07 17:35:20,103 (MainThread) INFO Porta Via Sacchi chiusa
2017-09-07 18:07:59,902 (MainThread) INFO Porta via Sacchi aperta
2017-09-07 18:08:05,532 (MainThread) INFO Porta Via Sacchi chiusa
2017-09-07 21:46:15,901 (MainThread) INFO Porta via Sacchi aperta
2017-09-07 21:46:35,188 (MainThread) INFO Porta Via Sacchi chiusa
2017-09-07 22:55:12,823 (MainThread) INFO Porta via Sacchi aperta
2017-09-07 22:55:25,009 (MainThread) INFO Porta Via Sacchi chiusa
2017-09-08 10:40:04,630 (MainThread) INFO Porta via Sacchi aperta
2017-09-08 10:45:16,328 (MainThread) INFO Porta Via Sacchi chiusa
2017-09-08 16:09:40,710 (MainThread) INFO Porta Via Sacchi chiusa
2017-09-09 17:58:13,350 (MainThread) INFO Porta via Sacchi aperta
2017-09-09 17:58:33,644 (MainThread) INFO Porta Via Sacchi chiusa
2017-09-09 18:15:18,584 (MainThread) INFO Porta via Sacchi aperta
2017-09-09 18:15:54,191 (MainThread) INFO Porta Via Sacchi chiusa
2017-09-10 11:11:26,825 (MainThread) INFO Porta via Sacchi aperta
2017-09-10 11:12:07,227 (MainThread) INFO Porta Via Sacchi chiusa
2017-09-10 11:21:09,982 (MainThread) INFO Porta via Sacchi aperta
2017-09-10 11:21:39,051 (MainThread) INFO Porta Via Sacchi chiusa
2017-09-10 16:28:35,688 (MainThread) INFO Porta via Sacchi aperta
2017-09-10 16:28:45,450 (MainThread) INFO Porta Via Sacchi chiusa
2017-09-10 17:29:22,480 (MainThread) INFO Porta via Sacchi aperta
2017-09-10 17:29:31,264 (MainThread) INFO Porta Via Sacchi chiusa
2017-09-10 22:09:45,319 (MainThread) ERROR Non sono riuscito ad inserire il dato di porta Chiusa in domoticz
2017-09-10 22:09:45,325 (MainThread) INFO Porta Via Sacchi chiusa
2017-09-10 22:14:02,377 (MainThread) ERROR Non sono riuscito ad inserire il dato di porta Chiusa in domoticz
2017-09-10 22:14:02,384 (MainThread) INFO Porta Via Sacchi chiusa
2017-09-10 22:25:25,169 (MainThread) INFO Porta Via Sacchi chiusa
